{
  "stats": {
    "suites": 1,
    "tests": 1,
    "passes": 1,
    "pending": 0,
    "failures": 0,
    "start": "2022-10-25T10:16:06.783Z",
    "end": "2022-10-25T10:16:54.378Z",
    "duration": 47595,
    "testsRegistered": 1,
    "passPercent": 100,
    "pendingPercent": 0,
    "other": 0,
    "hasOther": false,
    "skipped": 0,
    "hasSkipped": false
  },
  "results": [
    {
      "uuid": "d3d4d722-5602-4cf5-8932-8b199cf6b7a9",
      "title": "",
      "fullFile": "cypress/integration/RegressionTest.js",
      "file": "cypress/integration/RegressionTest.js",
      "beforeHooks": [],
      "afterHooks": [],
      "tests": [],
      "suites": [
        {
          "uuid": "b3718fda-c73a-45a9-bd87-46e271aced5d",
          "title": "Quales online course management Test suite",
          "fullFile": "",
          "file": "",
          "beforeHooks": [],
          "afterHooks": [],
          "tests": [
            {
              "title": "Validate that quales online course management app launches successfully",
              "fullTitle": "Quales online course management Test suite Validate that quales online course management app launches successfully",
              "timedOut": null,
              "duration": 43002,
              "state": "passed",
              "speed": "slow",
              "pass": true,
              "fail": false,
              "pending": false,
              "context": null,
              "code": "cy.visit(\"http://tawdry-rule.surge.sh\"); //assert that training field shows\ncy.contains('Training').should(\"be.visible\"); //assert that Courses field shows\ncy.contains('Courses').should(\"be.visible\"); //assert that contact Us field shows\ncy.get('.css-19wv5ok > :nth-child(3)').should(\"be.visible\");\nit(\"validate that a user can login successfully\"); //write cypress test\ncy.visit(\"http://tawdry-rule.surge.sh\"); //spy on the login button\ncy.get('.css-48p1y4 > .MuiButton-root') //click the login button\n.click(); //spy on the email field\ncy.get('[data-testid=EmailAddress]') //type the email field\n.type(\"ayp@mail.com\"); //spy on the password field\ncy.get('[data-testid=Password]') //type the password field\n.type(\"pass1234\");\ncy.get('.MuiButton-contained').click(); //assert login\ncy.get('.Toastify__toast-body > :nth-child(2)').should(\"be.visible\");\nit(\"validate that user cannot login with incorrect details\"); //write cypress test\ncy.visit(\"http://tawdry-rule.surge.sh\"); //spy on the login button\ncy.get('.css-48p1y4 > .MuiButton-root') //click the login button\n.click(); //spy on the email field\ncy.get('[data-testid=EmailAddress]') //type the email field\n.type(\"xxx@mail.com\"); //spy on the password field\ncy.get('[data-testid=Password]') //type the password field\n.type(\"pass1234\");\ncy.get('.MuiButton-contained').click(); //assert login\n//spy login toast message\ncy.contains('Invalid Login Credential').should(\"be.visible\");\nit(\"validate that user can add course successfully\"); //write cypress test\ncy.visit(\"http://tawdry-rule.surge.sh\"); //spy on the login button\ncy.get('.css-48p1y4 > .MuiButton-root') //click the login button\n.click(); //spy on the email field\ncy.get('[data-testid=EmailAddress]') //type the email field\n.type(\"ayp@mail.com\"); //spy on the password field\ncy.get('[data-testid=Password]') //type the password field\n.type(\"pass1234\");\ncy.get('.MuiButton-contained').click(); //spy on add course button\ncy.get('.MuiGrid-root > .MuiButton-root').click();\ncy.viewport(1536, 960); //Spy on title\ncy.get('[data-testid=\"Title*\"]').type(\"QA\"); //spy on description\ncy.get('[data-testid=\"Description*\"]').type(\"cypress\"); //spy on category\ncy.get('#demo-simple-select').click();\ncy.get('[data-value=\"1\"]').click();\ncy.get('[data-testid=isPremium]').click();\ncy.get('[data-testid=offline]').click();\ncy.get('[data-testid=\"Address*\"]').type(\"Quales learning\");\ncy.get('.css-tzsjye > .MuiButton-root').click();\nit(\"validate that user can logout successfully\"); //spy on logout\ncy.get('.MuiToolbar-root > .MuiButton-root').click();",
              "err": {},
              "uuid": "4dfe85c6-1933-41f2-b2dc-97ed673b24b7",
              "parentUUID": "b3718fda-c73a-45a9-bd87-46e271aced5d",
              "isHook": false,
              "skipped": false
            }
          ],
          "suites": [],
          "passes": [
            "4dfe85c6-1933-41f2-b2dc-97ed673b24b7"
          ],
          "failures": [],
          "pending": [],
          "skipped": [],
          "duration": 43002,
          "root": false,
          "rootEmpty": false,
          "_timeout": 2000
        }
      ],
      "passes": [],
      "failures": [],
      "pending": [],
      "skipped": [],
      "duration": 0,
      "root": true,
      "rootEmpty": true,
      "_timeout": 2000
    }
  ],
  "meta": {
    "mocha": {
      "version": "7.0.1"
    },
    "mochawesome": {
      "options": {
        "quiet": false,
        "reportFilename": "mochawesome",
        "saveHtml": true,
        "saveJson": true,
        "consoleReporter": "spec",
        "useInlineDiffs": false,
        "code": true
      },
      "version": "6.2.2"
    },
    "marge": {
      "options": null,
      "version": "5.2.0"
    }
  }
}